<?xml version="1.0" encoding="UTF-8"?>
<testng-results skipped="0" failed="0" ignored="0" total="1" passed="1">
  <reporter-output>
  </reporter-output>
  <suite name="Default suite" duration-ms="20234" started-at="2020-11-01T09:17:10 IST" finished-at="2020-11-01T09:17:30 IST">
    <groups>
    </groups>
    <test name="Default test" duration-ms="20234" started-at="2020-11-01T09:17:10 IST" finished-at="2020-11-01T09:17:30 IST">
      <class name="seleniumsessions.Mousehoverdemo">
        <test-method status="PASS" signature="mousemovement()[pri:0, instance:seleniumsessions.Mousehoverdemo@47ef968d]" name="mousemovement" duration-ms="20175" started-at="2020-11-01T09:17:10 IST" finished-at="2020-11-01T09:17:30 IST">
          <reporter-output>
          </reporter-output>
        </test-method> <!-- mousemovement -->
      </class> <!-- seleniumsessions.Mousehoverdemo -->
    </test> <!-- Default test -->
  </suite> <!-- Default suite -->
</testng-results>
