<?xml version="1.0" encoding="UTF-8"?>
<testng-results skipped="0" failed="0" ignored="0" total="1" passed="1">
  <reporter-output>
  </reporter-output>
  <suite name="Default suite" duration-ms="24844" started-at="2020-10-11T10:32:19 IST" finished-at="2020-10-11T10:32:44 IST">
    <groups>
    </groups>
    <test name="Default test" duration-ms="24844" started-at="2020-10-11T10:32:19 IST" finished-at="2020-10-11T10:32:44 IST">
      <class name="seleniumsessions.Windowhandle">
        <test-method status="PASS" signature="singlewindowhandle()[pri:0, instance:seleniumsessions.Windowhandle@47ef968d]" name="singlewindowhandle" duration-ms="24805" started-at="2020-10-11T10:32:19 IST" finished-at="2020-10-11T10:32:44 IST">
          <reporter-output>
          </reporter-output>
        </test-method> <!-- singlewindowhandle -->
      </class> <!-- seleniumsessions.Windowhandle -->
    </test> <!-- Default test -->
  </suite> <!-- Default suite -->
</testng-results>
